<?xml version="1.0" encoding="UTF-8"?>
<testng-results skipped="0" failed="0" ignored="0" total="1" passed="1">
  <reporter-output>
  </reporter-output>
  <suite name="Suite" duration-ms="10302" started-at="2021-09-04T08:27:08 IST" finished-at="2021-09-04T08:27:18 IST">
    <groups>
    </groups>
    <test name="Test" duration-ms="10302" started-at="2021-09-04T08:27:08 IST" finished-at="2021-09-04T08:27:18 IST">
      <class name="micro.Microsoft">
        <test-method status="PASS" signature="sai()[pri:0, instance:micro.Microsoft@7494e528]" name="sai" duration-ms="10266" started-at="2021-09-04T08:27:08 IST" finished-at="2021-09-04T08:27:18 IST">
          <reporter-output>
          </reporter-output>
        </test-method> <!-- sai -->
      </class> <!-- micro.Microsoft -->
    </test> <!-- Test -->
  </suite> <!-- Suite -->
</testng-results>
