<?xml version="1.0" encoding="UTF-8"?>
<testng-results skipped="0" failed="0" ignored="0" total="1" passed="1">
  <reporter-output>
  </reporter-output>
  <suite name="Default suite" duration-ms="9231" started-at="2021-09-04T08:24:06 IST" finished-at="2021-09-04T08:24:15 IST">
    <groups>
    </groups>
    <test name="Default test" duration-ms="9231" started-at="2021-09-04T08:24:06 IST" finished-at="2021-09-04T08:24:15 IST">
      <class name="micro.Microsoft">
        <test-method status="PASS" signature="sai()[pri:0, instance:micro.Microsoft@6737fd8f]" name="sai" duration-ms="9195" started-at="2021-09-04T08:24:06 IST" finished-at="2021-09-04T08:24:15 IST">
          <reporter-output>
          </reporter-output>
        </test-method> <!-- sai -->
      </class> <!-- micro.Microsoft -->
    </test> <!-- Default test -->
  </suite> <!-- Default suite -->
</testng-results>
